<?xml version="1.0" encoding="UTF-8"?>
<!-- Generated by org.testng.reporters.JUnitXMLReporter -->
<testsuite ignored="0" hostname="GANESH" failures="0" tests="3" name="Test" time="73.249" errors="0" timestamp="2025-06-09T18:36:13 IST">
  <testcase classname="testPackage.AddToCartTest" name="addToCartTC_001" time="8.71"/>
  <testcase classname="testPackage.RemoveProductFromCartTest" name="removeProductTestCase" time="2.965"/>
  <testcase classname="testPackage.BuyProductTest" name="buyProductTestCase" time="12.761"/>
</testsuite> <!-- Test -->
