<?xml version="1.0" encoding="UTF-8"?>
<testng-results ignored="0" total="3" passed="3" failed="0" skipped="0">
  <reporter-output>
    <line>
      <![CDATA[<test>--Testhas started execution]]>
    </line>
    <line>
      <![CDATA[[Test Case --addToCartTC_001 Started ]]]>
    </line>
    <line>
      <![CDATA[Product is added to cart !!!]]>
    </line>
    <line>
      <![CDATA[[Test Case --addToCartTC_001 Successfully Executed]]]>
    </line>
    <line>
      <![CDATA[[Test Case --removeProductTestCase Started ]]]>
    </line>
    <line>
      <![CDATA[[Test Case --removeProductTestCase Successfully Executed]]]>
    </line>
    <line>
      <![CDATA[[Test Case --buyProductTestCase Started ]]]>
    </line>
    <line>
      <![CDATA[Order is Placed sucessfully  !!! ]]>
    </line>
    <line>
      <![CDATA[[Test Case --buyProductTestCase Successfully Executed]]]>
    </line>
  </reporter-output>
  <suite started-at="2025-06-09T18:35:00 IST" name="Suite" finished-at="2025-06-09T18:36:13 IST" duration-ms="73249">
    <groups>
    </groups>
    <test started-at="2025-06-09T18:35:00 IST" name="Test" finished-at="2025-06-09T18:36:13 IST" duration-ms="73249">
      <class name="testPackage.RemoveProductFromCartTest">
        <test-method is-config="true" signature="browserSetup()[pri:0, instance:testPackage.RemoveProductFromCartTest@6c6cb480]" started-at="2025-06-09T18:35:25 IST" name="browserSetup" finished-at="2025-06-09T18:35:35 IST" duration-ms="10124" status="PASS">
          <reporter-output>
          </reporter-output>
        </test-method> <!-- browserSetup -->
        <test-method is-config="true" signature="login()[pri:0, instance:testPackage.RemoveProductFromCartTest@6c6cb480]" started-at="2025-06-09T18:35:35 IST" name="login" finished-at="2025-06-09T18:35:39 IST" duration-ms="4212" status="PASS">
          <reporter-output>
          </reporter-output>
        </test-method> <!-- login -->
        <test-method signature="removeProductTestCase()[pri:0, instance:testPackage.RemoveProductFromCartTest@6c6cb480]" started-at="2025-06-09T18:35:39 IST" name="removeProductTestCase" finished-at="2025-06-09T18:35:42 IST" duration-ms="2965" status="PASS">
          <reporter-output>
            <line>
              <![CDATA[[Test Case --removeProductTestCase Started ]]]>
            </line>
            <line>
              <![CDATA[[Test Case --removeProductTestCase Successfully Executed]]]>
            </line>
          </reporter-output>
        </test-method> <!-- removeProductTestCase -->
        <test-method is-config="true" signature="logout()[pri:0, instance:testPackage.RemoveProductFromCartTest@6c6cb480]" started-at="2025-06-09T18:35:42 IST" name="logout" finished-at="2025-06-09T18:35:47 IST" duration-ms="4831" status="PASS">
          <reporter-output>
          </reporter-output>
        </test-method> <!-- logout -->
        <test-method is-config="true" signature="browserTearDown()[pri:0, instance:testPackage.RemoveProductFromCartTest@6c6cb480]" started-at="2025-06-09T18:35:47 IST" name="browserTearDown" finished-at="2025-06-09T18:35:47 IST" duration-ms="335" status="PASS">
          <reporter-output>
          </reporter-output>
        </test-method> <!-- browserTearDown -->
      </class> <!-- testPackage.RemoveProductFromCartTest -->
      <class name="testPackage.AddToCartTest">
        <test-method is-config="true" signature="browserSetup()[pri:0, instance:testPackage.AddToCartTest@175c2241]" started-at="2025-06-09T18:35:00 IST" name="browserSetup" finished-at="2025-06-09T18:35:05 IST" duration-ms="5269" status="PASS">
          <reporter-output>
          </reporter-output>
        </test-method> <!-- browserSetup -->
        <test-method is-config="true" signature="login()[pri:0, instance:testPackage.AddToCartTest@175c2241]" started-at="2025-06-09T18:35:05 IST" name="login" finished-at="2025-06-09T18:35:10 IST" duration-ms="4919" status="PASS">
          <reporter-output>
          </reporter-output>
        </test-method> <!-- login -->
        <test-method signature="addToCartTC_001()[pri:0, instance:testPackage.AddToCartTest@175c2241]" started-at="2025-06-09T18:35:10 IST" name="addToCartTC_001" finished-at="2025-06-09T18:35:19 IST" duration-ms="8710" status="PASS">
          <reporter-output>
            <line>
              <![CDATA[[Test Case --addToCartTC_001 Started ]]]>
            </line>
            <line>
              <![CDATA[Product is added to cart !!!]]>
            </line>
            <line>
              <![CDATA[[Test Case --addToCartTC_001 Successfully Executed]]]>
            </line>
          </reporter-output>
        </test-method> <!-- addToCartTC_001 -->
        <test-method is-config="true" signature="logout()[pri:0, instance:testPackage.AddToCartTest@175c2241]" started-at="2025-06-09T18:35:19 IST" name="logout" finished-at="2025-06-09T18:35:24 IST" duration-ms="5183" status="PASS">
          <reporter-output>
          </reporter-output>
        </test-method> <!-- logout -->
        <test-method is-config="true" signature="browserTearDown()[pri:0, instance:testPackage.AddToCartTest@175c2241]" started-at="2025-06-09T18:35:24 IST" name="browserTearDown" finished-at="2025-06-09T18:35:25 IST" duration-ms="390" status="PASS">
          <reporter-output>
          </reporter-output>
        </test-method> <!-- browserTearDown -->
      </class> <!-- testPackage.AddToCartTest -->
      <class name="testPackage.BuyProductTest">
        <test-method is-config="true" signature="browserSetup()[pri:0, instance:testPackage.BuyProductTest@3c46e67a]" started-at="2025-06-09T18:35:47 IST" name="browserSetup" finished-at="2025-06-09T18:35:51 IST" duration-ms="3914" status="PASS">
          <reporter-output>
          </reporter-output>
        </test-method> <!-- browserSetup -->
        <test-method is-config="true" signature="login()[pri:0, instance:testPackage.BuyProductTest@3c46e67a]" started-at="2025-06-09T18:35:51 IST" name="login" finished-at="2025-06-09T18:35:56 IST" duration-ms="4418" status="PASS">
          <reporter-output>
          </reporter-output>
        </test-method> <!-- login -->
        <test-method signature="buyProductTestCase()[pri:0, instance:testPackage.BuyProductTest@3c46e67a]" started-at="2025-06-09T18:35:56 IST" name="buyProductTestCase" finished-at="2025-06-09T18:36:08 IST" duration-ms="12761" status="PASS">
          <reporter-output>
            <line>
              <![CDATA[[Test Case --buyProductTestCase Started ]]]>
            </line>
            <line>
              <![CDATA[Order is Placed sucessfully  !!! ]]>
            </line>
            <line>
              <![CDATA[[Test Case --buyProductTestCase Successfully Executed]]]>
            </line>
          </reporter-output>
        </test-method> <!-- buyProductTestCase -->
        <test-method is-config="true" signature="logout()[pri:0, instance:testPackage.BuyProductTest@3c46e67a]" started-at="2025-06-09T18:36:08 IST" name="logout" finished-at="2025-06-09T18:36:13 IST" duration-ms="4797" status="PASS">
          <reporter-output>
          </reporter-output>
        </test-method> <!-- logout -->
        <test-method is-config="true" signature="browserTearDown()[pri:0, instance:testPackage.BuyProductTest@3c46e67a]" started-at="2025-06-09T18:36:13 IST" name="browserTearDown" finished-at="2025-06-09T18:36:13 IST" duration-ms="366" status="PASS">
          <reporter-output>
          </reporter-output>
        </test-method> <!-- browserTearDown -->
      </class> <!-- testPackage.BuyProductTest -->
    </test> <!-- Test -->
  </suite> <!-- Suite -->
</testng-results>
